11-Jul-2022 16:44:13.989 INFO [main] org.apache.catalina.startup.VersionLoggerListener.log Server version name:   Apache Tomcat/9.0.43
11-Jul-2022 16:44:14.042 INFO [main] org.apache.catalina.startup.VersionLoggerListener.log Server built:          Jan 28 2021 20:25:45 UTC
11-Jul-2022 16:44:14.042 INFO [main] org.apache.catalina.startup.VersionLoggerListener.log Server version number: 9.0.43.0
11-Jul-2022 16:44:14.042 INFO [main] org.apache.catalina.startup.VersionLoggerListener.log OS Name:               Windows 10
11-Jul-2022 16:44:14.043 INFO [main] org.apache.catalina.startup.VersionLoggerListener.log OS Version:            10.0
11-Jul-2022 16:44:14.043 INFO [main] org.apache.catalina.startup.VersionLoggerListener.log Architecture:          amd64
11-Jul-2022 16:44:14.043 INFO [main] org.apache.catalina.startup.VersionLoggerListener.log Java Home:             C:\Program Files\Java\jdk1.8.0_251\jre
11-Jul-2022 16:44:14.043 INFO [main] org.apache.catalina.startup.VersionLoggerListener.log JVM Version:           1.8.0_251-b08
11-Jul-2022 16:44:14.043 INFO [main] org.apache.catalina.startup.VersionLoggerListener.log JVM Vendor:            Oracle Corporation
11-Jul-2022 16:44:14.044 INFO [main] org.apache.catalina.startup.VersionLoggerListener.log CATALINA_BASE:         E:\software\A08\file\camunda-bpm-tomcat-7.15.0\server\apache-tomcat-9.0.43
11-Jul-2022 16:44:14.044 INFO [main] org.apache.catalina.startup.VersionLoggerListener.log CATALINA_HOME:         E:\software\A08\file\camunda-bpm-tomcat-7.15.0\server\apache-tomcat-9.0.43
11-Jul-2022 16:44:14.057 INFO [main] org.apache.catalina.startup.VersionLoggerListener.log Command line argument: -Djava.util.logging.config.file=E:\software\A08\file\camunda-bpm-tomcat-7.15.0\server\apache-tomcat-9.0.43\conf\logging.properties
11-Jul-2022 16:44:14.057 INFO [main] org.apache.catalina.startup.VersionLoggerListener.log Command line argument: -Djava.util.logging.manager=org.apache.juli.ClassLoaderLogManager
11-Jul-2022 16:44:14.057 INFO [main] org.apache.catalina.startup.VersionLoggerListener.log Command line argument: -Djdk.tls.ephemeralDHKeySize=2048
11-Jul-2022 16:44:14.057 INFO [main] org.apache.catalina.startup.VersionLoggerListener.log Command line argument: -Djava.protocol.handler.pkgs=org.apache.catalina.webresources
11-Jul-2022 16:44:14.058 INFO [main] org.apache.catalina.startup.VersionLoggerListener.log Command line argument: -Xmx512m
11-Jul-2022 16:44:14.058 INFO [main] org.apache.catalina.startup.VersionLoggerListener.log Command line argument: -Dignore.endorsed.dirs=
11-Jul-2022 16:44:14.059 INFO [main] org.apache.catalina.startup.VersionLoggerListener.log Command line argument: -Dcatalina.base=E:\software\A08\file\camunda-bpm-tomcat-7.15.0\server\apache-tomcat-9.0.43
11-Jul-2022 16:44:14.059 INFO [main] org.apache.catalina.startup.VersionLoggerListener.log Command line argument: -Dcatalina.home=E:\software\A08\file\camunda-bpm-tomcat-7.15.0\server\apache-tomcat-9.0.43
11-Jul-2022 16:44:14.059 INFO [main] org.apache.catalina.startup.VersionLoggerListener.log Command line argument: -Djava.io.tmpdir=E:\software\A08\file\camunda-bpm-tomcat-7.15.0\server\apache-tomcat-9.0.43\temp
11-Jul-2022 16:44:14.100 INFO [main] org.apache.catalina.core.AprLifecycleListener.lifecycleEvent The Apache Tomcat Native library which allows using OpenSSL was not found on the java.library.path: [C:\Program Files\Java\jdk1.8.0_251\jre\bin;C:\WINDOWS\Sun\Java\bin;C:\WINDOWS\system32;C:\WINDOWS;C:\Program Files\Common Files\Oracle\Java\javapath;C:\Program Files\Microsoft\jdk-11.0.12.7-hotspot\bin;C:\Python310\Scripts\;C:\Python310\;C:\Program Files\Microsoft SDKs\Azure\Azure Dev Spaces CLI\;E:\app\Balasubramaniam\product\11.2.0\client_2\bin;C:\Program Files (x86)\Common Files\Oracle\Java\javapath;C:\Python27\;C:\Python27\Scripts;C:\Program Files (x86)\Microsoft SDKs\Azure\CLI2\wbin;C:\Program Files\Microsoft MPI\Bin\;C:\Perl64\site\bin;C:\Perl64\bin;C:\Windows\system32;C:\Windows;C:\Windows\System32\Wbem;C:\Windows\System32\WindowsPowerShell\v1.0\;C:\Program Files (x86)\NVIDIA Corporation\PhysX\Common;C:\Users\Balasubramaniam\AppData\Local\Programs\Python\Python36;C:\Users\Balasubramaniam\AppData\Local\Programs\Python\Python36\Scripts;D:\Program Files\Amazon\AWSCLI\bin\;C:\Program Files\Microsoft SQL Server\Client SDK\ODBC\170\Tools\Binn\;D:\Program Files (x86)\Graphviz2.38\bin;C:\Program Files\dotnet\;C:\Users\Balasubramaniam\.azure-kubectl;E:\software\A08\file\spring-boot-cli-2.1.5.RELEASE-bin\spring-2.1.5.RELEASE\bin;E:\software\A08\file\apache-maven-3.6.1-bin\apache-maven-3.6.1\bin;E:\software\A08\file\oc;E:\software\A08\file\minishift-1.34.1-windows-amd64;E:\software\A08\file\hadoop-3.1.0.tar\hadoop-3.1.0\bin;C:\Program Files (x86)\Intel\Intel(R) Management Engine Components\DAL;C:\Program Files\Intel\Intel(R) Management Engine Components\DAL;E:\software\A08\file\apache-zookeeper-3.5.6-bin.tar\apache-zookeeper-3.5.6-bin\apache-zookeeper-3.5.6-bin\bin;d:\Program Files\Git LFS;C:\Program Files\Intel\WiFi\bin\;C:\Program Files\Common Files\Intel\WirelessCommon\;D:\Program Files (x86)\scala\bin;C:\Program Files (x86)\Microsoft SQL Server\150\Tools\Binn\;C:\Program Files\Microsoft SQL Server\150\Tools\Binn\;C:\Program Files\Microsoft SQL Server\150\DTS\Binn\;D:\Go\bin;C:\Program Files (x86)\Microsoft SQL Server\150\DTS\Binn\;C:\Program Files\TortoiseSVN\bin;D:\HashiCorp\Vagrant\bin;C:\WINDOWS\system32;C:\WINDOWS;C:\WINDOWS\System32\Wbem;C:\WINDOWS\System32\WindowsPowerShell\v1.0\;C:\WINDOWS\System32\OpenSSH\;D:\Program Files (x86)\sbt\bin;D:\Program Files\nodejs\;C:\ProgramData\chocolatey\bin;C:\Program Files (x86)\dotnet\;C:\Program Files\PuTTY\;C:\Program Files\Docker\Docker\resources\bin;C:\ProgramData\DockerDesktop\version-bin;C:\Program Files\Git\cmd;E:\software\A08\file\apache-groovy-sdk-4.0.0\groovy-4.0.0\bin;C:\Program Files\Java\jdk1.8.0_251\bin;E:\software\A08\file\grails-5.1.2\grails-5.1.2\bin;E:\software\A08\file\gradle-7.4-all\gradle-7.4\bin;d:\Users\Balasubramaniam\AppData\Local\Programs\Microsoft VS Code\bin;E:\software\A08\file\terraform_1.1.7_windows_amd64;E:\helm\windows-amd64;E:\software\A08\file\openssl-1.0.2q-x64_86-win64;C:\Users\Balasubramaniam\.dotnet\tools;d:\Program Files\JetBrains\PyCharm Community Edition 2022.1.1\bin;;C:\Program Files\MongoDB\Server\5.0\bin;;.]
11-Jul-2022 16:44:15.946 INFO [main] org.apache.coyote.AbstractProtocol.init Initializing ProtocolHandler ["http-nio-6062"]
11-Jul-2022 16:44:16.521 INFO [main] org.apache.catalina.startup.Catalina.load Server initialization in [2791] milliseconds
11-Jul-2022 16:44:17.362 INFO [main] org.camunda.commons.logging.BaseLogger.logInfo ENGINE-08046 Found Camunda Platform configuration in CATALINA_BASE/CATALINA_HOME conf directory [E:\software\A08\file\camunda-bpm-tomcat-7.15.0\server\apache-tomcat-9.0.43\conf\bpm-platform.xml] at 'file:/E:/software/A08/file/camunda-bpm-tomcat-7.15.0/server/apache-tomcat-9.0.43/conf/bpm-platform.xml'
11-Jul-2022 16:44:18.242 INFO [main] org.camunda.commons.logging.BaseLogger.logInfo ENGINE-12003 Plugin 'ProcessApplicationEventListenerPlugin' activated on process engine 'default'
11-Jul-2022 16:44:18.249 INFO [main] org.camunda.commons.logging.BaseLogger.logInfo ENGINE-12003 Plugin 'SpinProcessEnginePlugin' activated on process engine 'default'
11-Jul-2022 16:44:18.255 INFO [main] org.camunda.commons.logging.BaseLogger.logInfo SPIN-01010 Discovered Spin data format provider: org.camunda.spin.impl.json.jackson.format.JacksonJsonDataFormatProvider[name = application/json]
11-Jul-2022 16:44:18.452 INFO [main] org.camunda.commons.logging.BaseLogger.logInfo SPIN-01010 Discovered Spin data format provider: org.camunda.spin.impl.xml.dom.format.DomXmlDataFormatProvider[name = application/xml]
11-Jul-2022 16:44:18.466 INFO [main] org.camunda.commons.logging.BaseLogger.logInfo SPIN-01009 Discovered Spin data format: org.camunda.spin.impl.xml.dom.format.DomXmlDataFormat[name = application/xml]
11-Jul-2022 16:44:18.466 INFO [main] org.camunda.commons.logging.BaseLogger.logInfo SPIN-01009 Discovered Spin data format: org.camunda.spin.impl.json.jackson.format.JacksonJsonDataFormat[name = application/json]
11-Jul-2022 16:44:18.468 INFO [main] org.camunda.commons.logging.BaseLogger.logInfo ENGINE-12003 Plugin 'ConnectProcessEnginePlugin' activated on process engine 'default'
11-Jul-2022 16:44:19.334 INFO [main] org.camunda.commons.logging.BaseLogger.logInfo CNCT-01004 Discovered provider for connector id 'http-connector' and class 'org.camunda.connect.httpclient.impl.HttpConnectorImpl': 'org.camunda.connect.httpclient.impl.HttpConnectorProviderImpl'
11-Jul-2022 16:44:19.337 INFO [main] org.camunda.commons.logging.BaseLogger.logInfo CNCT-01004 Discovered provider for connector id 'soap-http-connector' and class 'org.camunda.connect.httpclient.soap.impl.SoapHttpConnectorImpl': 'org.camunda.connect.httpclient.soap.impl.SoapHttpConnectorProviderImpl'
11-Jul-2022 16:44:19.454 INFO [main] org.camunda.commons.logging.BaseLogger.logInfo FEEL/SCALA-01001 Spin value mapper detected
11-Jul-2022 16:44:19.814 INFO [main] org.camunda.feel.FeelEngine.<init> Engine created. [value-mapper: CompositeValueMapper(List(org.camunda.feel.impl.JavaValueMapper@5ed731d0, org.camunda.spin.plugin.impl.feel.integration.SpinValueMapper@3234f74e)), function-provider: org.camunda.bpm.dmn.feel.impl.scala.function.CustomFunctionTransformer@51850751, clock: SystemClock, configuration: Configuration(false)]
11-Jul-2022 16:44:24.342 INFO [main] org.camunda.commons.logging.BaseLogger.logInfo ENGINE-00001 Process Engine default created.
11-Jul-2022 16:44:24.343 INFO [main] org.camunda.commons.logging.BaseLogger.logInfo ENGINE-14014 Starting up the JobExecutor[org.camunda.bpm.engine.impl.jobexecutor.RuntimeContainerJobExecutor].
11-Jul-2022 16:44:24.351 INFO [Thread-6] org.camunda.commons.logging.BaseLogger.logInfo ENGINE-14018 JobExecutor[org.camunda.bpm.engine.impl.jobexecutor.RuntimeContainerJobExecutor] starting to acquire jobs
11-Jul-2022 16:44:24.352 INFO [main] org.camunda.commons.logging.BaseLogger.logInfo ENGINE-08048 Camunda Platform sucessfully started at 'Apache Tomcat/9.0.43'.
11-Jul-2022 16:44:24.454 INFO [main] org.apache.catalina.core.StandardService.startInternal Starting service [Catalina]
11-Jul-2022 16:44:24.455 INFO [main] org.apache.catalina.core.StandardEngine.startInternal Starting Servlet engine: [Apache Tomcat/9.0.43]
11-Jul-2022 16:44:24.697 INFO [main] org.apache.catalina.startup.HostConfig.deployWAR Deploying web application archive [E:\software\A08\file\camunda-bpm-tomcat-7.15.0\server\apache-tomcat-9.0.43\webapps\creditcardapi.war]
11-Jul-2022 16:44:30.649 INFO [main] org.camunda.commons.logging.BaseLogger.logInfo ENGINE-07015 Detected @ProcessApplication class 'com.boa.creditcardapi.CamundaBpmProcessApplication'
11-Jul-2022 16:44:30.726 INFO [main] org.apache.jasper.servlet.TldScanner.scanJars At least one JAR was scanned for TLDs yet contained no TLDs. Enable debug logging for this logger for a complete list of JARs that were scanned but no TLDs were found in them. Skipping unneeded JARs during scanning can improve startup time and JSP compilation time.
11-Jul-2022 16:44:30.767 INFO [main] org.camunda.commons.logging.BaseLogger.logInfo ENGINE-08024 Found processes.xml file at file:/E:/software/A08/file/camunda-bpm-tomcat-7.15.0/server/apache-tomcat-9.0.43/webapps/creditcardapi/WEB-INF/classes/META-INF/processes.xml
11-Jul-2022 16:44:30.841 INFO [main] org.camunda.commons.logging.BaseLogger.logInfo ENGINE-08023 Deployment summary for process archive 'creditcardapi': 

        process.bpmn

11-Jul-2022 16:44:31.347 INFO [main] org.camunda.commons.logging.BaseLogger.logInfo ENGINE-07021 ProcessApplication 'creditcardapi' registered for DB deployments [1efdb59e-38a7-11ec-a77b-fa3441acd46f]. Will execute process definitions 

        creditcardapi[version: 1, id: creditcardapi:1:1f1d2480-38a7-11ec-a77b-fa3441acd46f]
Deployment does not provide any case definitions.
11-Jul-2022 16:44:31.354 INFO [main] org.camunda.commons.logging.BaseLogger.logInfo SPIN-01010 Discovered Spin data format provider: org.camunda.spin.impl.json.jackson.format.JacksonJsonDataFormatProvider[name = application/json]
11-Jul-2022 16:44:31.356 INFO [main] org.camunda.commons.logging.BaseLogger.logInfo SPIN-01010 Discovered Spin data format provider: org.camunda.spin.impl.xml.dom.format.DomXmlDataFormatProvider[name = application/xml]
11-Jul-2022 16:44:31.360 INFO [main] org.camunda.commons.logging.BaseLogger.logInfo SPIN-01009 Discovered Spin data format: org.camunda.spin.impl.xml.dom.format.DomXmlDataFormat[name = application/xml]
11-Jul-2022 16:44:31.361 INFO [main] org.camunda.commons.logging.BaseLogger.logInfo SPIN-01009 Discovered Spin data format: org.camunda.spin.impl.json.jackson.format.JacksonJsonDataFormat[name = application/json]
11-Jul-2022 16:44:31.368 INFO [main] org.camunda.commons.logging.BaseLogger.logInfo ENGINE-08050 Process application creditcardapi successfully deployed
11-Jul-2022 16:44:31.388 INFO [main] org.apache.catalina.startup.HostConfig.deployWAR Deployment of web application archive [E:\software\A08\file\camunda-bpm-tomcat-7.15.0\server\apache-tomcat-9.0.43\webapps\creditcardapi.war] has finished in [6,690] ms
11-Jul-2022 16:44:31.675 INFO [main] org.apache.catalina.startup.HostConfig.deployWAR Deploying web application archive [E:\software\A08\file\camunda-bpm-tomcat-7.15.0\server\apache-tomcat-9.0.43\webapps\messagedemo.war]
11-Jul-2022 16:44:35.743 INFO [main] org.camunda.commons.logging.BaseLogger.logInfo ENGINE-07015 Detected @ProcessApplication class 'com.boa.messagedemo.CamundaBpmProcessApplication'
11-Jul-2022 16:44:35.793 INFO [main] org.apache.jasper.servlet.TldScanner.scanJars At least one JAR was scanned for TLDs yet contained no TLDs. Enable debug logging for this logger for a complete list of JARs that were scanned but no TLDs were found in them. Skipping unneeded JARs during scanning can improve startup time and JSP compilation time.
11-Jul-2022 16:44:35.797 INFO [main] org.camunda.commons.logging.BaseLogger.logInfo ENGINE-08024 Found processes.xml file at file:/E:/software/A08/file/camunda-bpm-tomcat-7.15.0/server/apache-tomcat-9.0.43/webapps/messagedemo/WEB-INF/classes/META-INF/processes.xml
11-Jul-2022 16:44:35.867 INFO [main] org.camunda.commons.logging.BaseLogger.logInfo ENGINE-08023 Deployment summary for process archive 'messagedemo': 

        process.bpmn

11-Jul-2022 16:44:35.934 INFO [main] org.camunda.commons.logging.BaseLogger.logInfo ENGINE-07021 ProcessApplication 'messagedemo' registered for DB deployments [853afa6e-3112-11ec-b954-fa3441acd46f]. Will execute process definitions 

        bpmncommunication[version: 1, id: bpmncommunication:1:85507e40-3112-11ec-b954-fa3441acd46f]
Deployment does not provide any case definitions.
11-Jul-2022 16:44:35.940 INFO [main] org.camunda.commons.logging.BaseLogger.logInfo SPIN-01010 Discovered Spin data format provider: org.camunda.spin.impl.json.jackson.format.JacksonJsonDataFormatProvider[name = application/json]
11-Jul-2022 16:44:35.948 INFO [main] org.camunda.commons.logging.BaseLogger.logInfo SPIN-01010 Discovered Spin data format provider: org.camunda.spin.impl.xml.dom.format.DomXmlDataFormatProvider[name = application/xml]
11-Jul-2022 16:44:35.953 INFO [main] org.camunda.commons.logging.BaseLogger.logInfo SPIN-01009 Discovered Spin data format: org.camunda.spin.impl.xml.dom.format.DomXmlDataFormat[name = application/xml]
11-Jul-2022 16:44:35.954 INFO [main] org.camunda.commons.logging.BaseLogger.logInfo SPIN-01009 Discovered Spin data format: org.camunda.spin.impl.json.jackson.format.JacksonJsonDataFormat[name = application/json]
11-Jul-2022 16:44:35.956 INFO [main] org.camunda.commons.logging.BaseLogger.logInfo ENGINE-08050 Process application messagedemo successfully deployed
11-Jul-2022 16:44:35.961 INFO [main] org.apache.catalina.startup.HostConfig.deployWAR Deployment of web application archive [E:\software\A08\file\camunda-bpm-tomcat-7.15.0\server\apache-tomcat-9.0.43\webapps\messagedemo.war] has finished in [4,286] ms
11-Jul-2022 16:44:41.238 INFO [main] org.apache.catalina.startup.HostConfig.deployWAR Deploying web application archive [E:\software\A08\file\camunda-bpm-tomcat-7.15.0\server\apache-tomcat-9.0.43\webapps\sbwar.war]
11-Jul-2022 16:44:44.560 INFO [main] org.apache.jasper.servlet.TldScanner.scanJars At least one JAR was scanned for TLDs yet contained no TLDs. Enable debug logging for this logger for a complete list of JARs that were scanned but no TLDs were found in them. Skipping unneeded JARs during scanning can improve startup time and JSP compilation time.
11-Jul-2022 16:44:44.565 INFO [main] org.apache.catalina.startup.HostConfig.deployWAR Deployment of web application archive [E:\software\A08\file\camunda-bpm-tomcat-7.15.0\server\apache-tomcat-9.0.43\webapps\sbwar.war] has finished in [3,328] ms
11-Jul-2022 16:44:44.567 INFO [main] org.apache.catalina.startup.HostConfig.deployDirectory Deploying web application directory [E:\software\A08\file\camunda-bpm-tomcat-7.15.0\server\apache-tomcat-9.0.43\webapps\camunda]
11-Jul-2022 16:44:55.621 INFO [main] org.apache.jasper.servlet.TldScanner.scanJars At least one JAR was scanned for TLDs yet contained no TLDs. Enable debug logging for this logger for a complete list of JARs that were scanned but no TLDs were found in them. Skipping unneeded JARs during scanning can improve startup time and JSP compilation time.
11-Jul-2022 16:44:57.469 INFO [main] org.apache.catalina.startup.HostConfig.deployDirectory Deployment of web application directory [E:\software\A08\file\camunda-bpm-tomcat-7.15.0\server\apache-tomcat-9.0.43\webapps\camunda] has finished in [12,902] ms
11-Jul-2022 16:44:57.470 INFO [main] org.apache.catalina.startup.HostConfig.deployDirectory Deploying web application directory [E:\software\A08\file\camunda-bpm-tomcat-7.15.0\server\apache-tomcat-9.0.43\webapps\camunda-invoice]
11-Jul-2022 16:45:01.388 INFO [main] org.camunda.commons.logging.BaseLogger.logInfo ENGINE-07015 Detected @ProcessApplication class 'org.camunda.bpm.example.invoice.InvoiceProcessApplication'
11-Jul-2022 16:45:01.440 INFO [main] org.apache.jasper.servlet.TldScanner.scanJars At least one JAR was scanned for TLDs yet contained no TLDs. Enable debug logging for this logger for a complete list of JARs that were scanned but no TLDs were found in them. Skipping unneeded JARs during scanning can improve startup time and JSP compilation time.
11-Jul-2022 16:45:01.444 INFO [main] org.camunda.commons.logging.BaseLogger.logInfo ENGINE-08024 Found processes.xml file at file:/E:/software/A08/file/camunda-bpm-tomcat-7.15.0/server/apache-tomcat-9.0.43/webapps/camunda-invoice/WEB-INF/classes/META-INF/processes.xml
11-Jul-2022 16:45:01.494 INFO [main] org.camunda.commons.logging.BaseLogger.logInfo ENGINE-08023 Deployment summary for process archive 'camunda-invoice': 

        invoiceBusinessDecisions.dmn
        invoice.v2.bpmn

11-Jul-2022 16:45:01.565 INFO [main] org.camunda.commons.logging.BaseLogger.logInfo ENGINE-07021 ProcessApplication 'camunda-invoice' registered for DB deployments [8aab57cc-3112-11ec-b954-fa3441acd46f]. Will execute process definitions 

        invoice[version: 2, id: invoice:2:8aaf9d8f-3112-11ec-b954-fa3441acd46f]
Deployment does not provide any case definitions.
11-Jul-2022 16:45:01.575 INFO [main] org.camunda.commons.logging.BaseLogger.logInfo SPIN-01010 Discovered Spin data format provider: org.camunda.spin.impl.json.jackson.format.JacksonJsonDataFormatProvider[name = application/json]
11-Jul-2022 16:45:01.581 INFO [main] org.camunda.commons.logging.BaseLogger.logInfo SPIN-01010 Discovered Spin data format provider: org.camunda.spin.impl.xml.dom.format.DomXmlDataFormatProvider[name = application/xml]
11-Jul-2022 16:45:01.587 INFO [main] org.camunda.commons.logging.BaseLogger.logInfo SPIN-01009 Discovered Spin data format: org.camunda.spin.impl.xml.dom.format.DomXmlDataFormat[name = application/xml]
11-Jul-2022 16:45:01.587 INFO [main] org.camunda.commons.logging.BaseLogger.logInfo SPIN-01009 Discovered Spin data format: org.camunda.spin.impl.json.jackson.format.JacksonJsonDataFormat[name = application/json]
11-Jul-2022 16:45:01.783 SEVERE [main] org.apache.catalina.core.StandardContext.startInternal One or more listeners failed to start. Full details will be found in the appropriate container log file
11-Jul-2022 16:45:01.790 SEVERE [main] org.apache.catalina.core.StandardContext.startInternal Context [/camunda-invoice] startup failed due to previous errors
11-Jul-2022 16:45:01.798 WARNING [main] org.camunda.commons.logging.BaseLogger.logWarn ENGINE-07017 Calling undeploy() on process application that is not deployed.
11-Jul-2022 16:45:01.819 INFO [main] org.apache.catalina.startup.HostConfig.deployDirectory Deployment of web application directory [E:\software\A08\file\camunda-bpm-tomcat-7.15.0\server\apache-tomcat-9.0.43\webapps\camunda-invoice] has finished in [4,349] ms
11-Jul-2022 16:45:01.821 INFO [main] org.apache.catalina.startup.HostConfig.deployDirectory Deploying web application directory [E:\software\A08\file\camunda-bpm-tomcat-7.15.0\server\apache-tomcat-9.0.43\webapps\camunda-welcome]
11-Jul-2022 16:45:05.008 INFO [main] org.apache.jasper.servlet.TldScanner.scanJars At least one JAR was scanned for TLDs yet contained no TLDs. Enable debug logging for this logger for a complete list of JARs that were scanned but no TLDs were found in them. Skipping unneeded JARs during scanning can improve startup time and JSP compilation time.
11-Jul-2022 16:45:05.011 INFO [main] org.apache.catalina.startup.HostConfig.deployDirectory Deployment of web application directory [E:\software\A08\file\camunda-bpm-tomcat-7.15.0\server\apache-tomcat-9.0.43\webapps\camunda-welcome] has finished in [3,191] ms
11-Jul-2022 16:45:05.012 INFO [main] org.apache.catalina.startup.HostConfig.deployDirectory Deploying web application directory [E:\software\A08\file\camunda-bpm-tomcat-7.15.0\server\apache-tomcat-9.0.43\webapps\docs]
11-Jul-2022 16:45:08.858 INFO [main] org.apache.jasper.servlet.TldScanner.scanJars At least one JAR was scanned for TLDs yet contained no TLDs. Enable debug logging for this logger for a complete list of JARs that were scanned but no TLDs were found in them. Skipping unneeded JARs during scanning can improve startup time and JSP compilation time.
11-Jul-2022 16:45:08.861 INFO [main] org.apache.catalina.startup.HostConfig.deployDirectory Deployment of web application directory [E:\software\A08\file\camunda-bpm-tomcat-7.15.0\server\apache-tomcat-9.0.43\webapps\docs] has finished in [3,850] ms
11-Jul-2022 16:45:08.861 INFO [main] org.apache.catalina.startup.HostConfig.deployDirectory Deploying web application directory [E:\software\A08\file\camunda-bpm-tomcat-7.15.0\server\apache-tomcat-9.0.43\webapps\engine-rest]
11-Jul-2022 16:45:17.595 INFO [main] org.apache.jasper.servlet.TldScanner.scanJars At least one JAR was scanned for TLDs yet contained no TLDs. Enable debug logging for this logger for a complete list of JARs that were scanned but no TLDs were found in them. Skipping unneeded JARs during scanning can improve startup time and JSP compilation time.
11-Jul-2022 16:45:17.871 INFO [main] org.apache.catalina.startup.HostConfig.deployDirectory Deployment of web application directory [E:\software\A08\file\camunda-bpm-tomcat-7.15.0\server\apache-tomcat-9.0.43\webapps\engine-rest] has finished in [9,010] ms
11-Jul-2022 16:45:17.872 INFO [main] org.apache.catalina.startup.HostConfig.deployDirectory Deploying web application directory [E:\software\A08\file\camunda-bpm-tomcat-7.15.0\server\apache-tomcat-9.0.43\webapps\examples]
11-Jul-2022 16:45:23.366 INFO [main] org.apache.jasper.servlet.TldScanner.scanJars At least one JAR was scanned for TLDs yet contained no TLDs. Enable debug logging for this logger for a complete list of JARs that were scanned but no TLDs were found in them. Skipping unneeded JARs during scanning can improve startup time and JSP compilation time.
11-Jul-2022 16:45:23.425 INFO [main] org.apache.catalina.startup.HostConfig.deployDirectory Deployment of web application directory [E:\software\A08\file\camunda-bpm-tomcat-7.15.0\server\apache-tomcat-9.0.43\webapps\examples] has finished in [5,553] ms
11-Jul-2022 16:45:23.426 INFO [main] org.apache.catalina.startup.HostConfig.deployDirectory Deploying web application directory [E:\software\A08\file\camunda-bpm-tomcat-7.15.0\server\apache-tomcat-9.0.43\webapps\h2]
11-Jul-2022 16:45:27.351 INFO [main] org.apache.jasper.servlet.TldScanner.scanJars At least one JAR was scanned for TLDs yet contained no TLDs. Enable debug logging for this logger for a complete list of JARs that were scanned but no TLDs were found in them. Skipping unneeded JARs during scanning can improve startup time and JSP compilation time.
11-Jul-2022 16:45:27.369 INFO [main] org.apache.catalina.startup.HostConfig.deployDirectory Deployment of web application directory [E:\software\A08\file\camunda-bpm-tomcat-7.15.0\server\apache-tomcat-9.0.43\webapps\h2] has finished in [3,942] ms
11-Jul-2022 16:45:27.369 INFO [main] org.apache.catalina.startup.HostConfig.deployDirectory Deploying web application directory [E:\software\A08\file\camunda-bpm-tomcat-7.15.0\server\apache-tomcat-9.0.43\webapps\host-manager]
11-Jul-2022 16:45:30.883 INFO [main] org.apache.jasper.servlet.TldScanner.scanJars At least one JAR was scanned for TLDs yet contained no TLDs. Enable debug logging for this logger for a complete list of JARs that were scanned but no TLDs were found in them. Skipping unneeded JARs during scanning can improve startup time and JSP compilation time.
11-Jul-2022 16:45:30.891 INFO [main] org.apache.catalina.startup.HostConfig.deployDirectory Deployment of web application directory [E:\software\A08\file\camunda-bpm-tomcat-7.15.0\server\apache-tomcat-9.0.43\webapps\host-manager] has finished in [3,522] ms
11-Jul-2022 16:45:30.892 INFO [main] org.apache.catalina.startup.HostConfig.deployDirectory Deploying web application directory [E:\software\A08\file\camunda-bpm-tomcat-7.15.0\server\apache-tomcat-9.0.43\webapps\manager]
11-Jul-2022 16:45:34.607 INFO [main] org.apache.jasper.servlet.TldScanner.scanJars At least one JAR was scanned for TLDs yet contained no TLDs. Enable debug logging for this logger for a complete list of JARs that were scanned but no TLDs were found in them. Skipping unneeded JARs during scanning can improve startup time and JSP compilation time.
11-Jul-2022 16:45:34.609 INFO [main] org.apache.catalina.startup.HostConfig.deployDirectory Deployment of web application directory [E:\software\A08\file\camunda-bpm-tomcat-7.15.0\server\apache-tomcat-9.0.43\webapps\manager] has finished in [3,717] ms
11-Jul-2022 16:45:34.610 INFO [main] org.apache.catalina.startup.HostConfig.deployDirectory Deploying web application directory [E:\software\A08\file\camunda-bpm-tomcat-7.15.0\server\apache-tomcat-9.0.43\webapps\ROOT]
11-Jul-2022 16:45:38.785 INFO [main] org.apache.jasper.servlet.TldScanner.scanJars At least one JAR was scanned for TLDs yet contained no TLDs. Enable debug logging for this logger for a complete list of JARs that were scanned but no TLDs were found in them. Skipping unneeded JARs during scanning can improve startup time and JSP compilation time.
11-Jul-2022 16:45:38.789 INFO [main] org.apache.catalina.startup.HostConfig.deployDirectory Deployment of web application directory [E:\software\A08\file\camunda-bpm-tomcat-7.15.0\server\apache-tomcat-9.0.43\webapps\ROOT] has finished in [4,178] ms
11-Jul-2022 16:45:39.001 INFO [main] org.apache.catalina.startup.HostConfig.deployDirectory Deploying web application directory [E:\software\A08\file\camunda-bpm-tomcat-7.15.0\server\apache-tomcat-9.0.43\webapps\timertest]
11-Jul-2022 16:45:43.822 INFO [main] org.camunda.commons.logging.BaseLogger.logInfo ENGINE-07015 Detected @ProcessApplication class 'org.boa.timertest.CamundaBpmProcessApplication'
11-Jul-2022 16:45:43.886 INFO [main] org.apache.jasper.servlet.TldScanner.scanJars At least one JAR was scanned for TLDs yet contained no TLDs. Enable debug logging for this logger for a complete list of JARs that were scanned but no TLDs were found in them. Skipping unneeded JARs during scanning can improve startup time and JSP compilation time.
11-Jul-2022 16:45:43.891 INFO [main] org.camunda.commons.logging.BaseLogger.logInfo ENGINE-08024 Found processes.xml file at file:/E:/software/A08/file/camunda-bpm-tomcat-7.15.0/server/apache-tomcat-9.0.43/webapps/timertest/WEB-INF/classes/META-INF/processes.xml
11-Jul-2022 16:45:44.015 INFO [main] org.camunda.commons.logging.BaseLogger.logInfo ENGINE-08023 Deployment summary for process archive 'timertest': 

        process.bpmn

11-Jul-2022 16:45:44.079 INFO [main] org.camunda.commons.logging.BaseLogger.logInfo ENGINE-07021 ProcessApplication 'timertest' registered for DB deployments [9c64b309-3112-11ec-b954-fa3441acd46f]. Will execute process definitions 

        timertest[version: 1, id: timertest:1:9c68f8cb-3112-11ec-b954-fa3441acd46f]
Deployment does not provide any case definitions.
11-Jul-2022 16:45:44.085 INFO [main] org.camunda.commons.logging.BaseLogger.logInfo SPIN-01010 Discovered Spin data format provider: org.camunda.spin.impl.json.jackson.format.JacksonJsonDataFormatProvider[name = application/json]
11-Jul-2022 16:45:44.092 INFO [main] org.camunda.commons.logging.BaseLogger.logInfo SPIN-01010 Discovered Spin data format provider: org.camunda.spin.impl.xml.dom.format.DomXmlDataFormatProvider[name = application/xml]
11-Jul-2022 16:45:44.100 INFO [main] org.camunda.commons.logging.BaseLogger.logInfo SPIN-01009 Discovered Spin data format: org.camunda.spin.impl.xml.dom.format.DomXmlDataFormat[name = application/xml]
11-Jul-2022 16:45:44.102 INFO [main] org.camunda.commons.logging.BaseLogger.logInfo SPIN-01009 Discovered Spin data format: org.camunda.spin.impl.json.jackson.format.JacksonJsonDataFormat[name = application/json]
11-Jul-2022 16:45:44.105 INFO [main] org.camunda.commons.logging.BaseLogger.logInfo ENGINE-08050 Process application timertest successfully deployed
11-Jul-2022 16:45:44.122 INFO [main] org.apache.catalina.startup.HostConfig.deployDirectory Deployment of web application directory [E:\software\A08\file\camunda-bpm-tomcat-7.15.0\server\apache-tomcat-9.0.43\webapps\timertest] has finished in [5,120] ms
11-Jul-2022 16:45:44.133 INFO [main] org.apache.coyote.AbstractProtocol.start Starting ProtocolHandler ["http-nio-6062"]
11-Jul-2022 16:45:44.157 INFO [main] org.apache.catalina.startup.Catalina.start Server startup in [87636] milliseconds
11-Jul-2022 16:45:56.001 INFO [http-nio-6062-exec-2] org.jboss.resteasy.spi.ResteasyDeployment.processApplication RESTEASY002225: Deploying javax.ws.rs.core.Application: class org.camunda.bpm.cockpit.impl.web.CockpitApplication
11-Jul-2022 16:45:56.023 INFO [http-nio-6062-exec-2] org.jboss.resteasy.spi.ResteasyDeployment.processApplication RESTEASY002200: Adding class resource org.camunda.bpm.cockpit.impl.plugin.resources.CockpitPluginsRootResource from Application class org.camunda.bpm.cockpit.impl.web.CockpitApplication
11-Jul-2022 16:45:56.024 INFO [http-nio-6062-exec-2] org.jboss.resteasy.spi.ResteasyDeployment.processApplication RESTEASY002205: Adding provider class com.fasterxml.jackson.jaxrs.json.JacksonJsonProvider from Application class org.camunda.bpm.cockpit.impl.web.CockpitApplication
11-Jul-2022 16:45:56.025 INFO [http-nio-6062-exec-2] org.jboss.resteasy.spi.ResteasyDeployment.processApplication RESTEASY002205: Adding provider class org.camunda.bpm.engine.rest.mapper.JacksonConfigurator from Application class org.camunda.bpm.cockpit.impl.web.CockpitApplication
11-Jul-2022 16:45:56.026 INFO [http-nio-6062-exec-2] org.jboss.resteasy.spi.ResteasyDeployment.processApplication RESTEASY002205: Adding provider class org.camunda.bpm.engine.rest.exception.ExceptionHandler from Application class org.camunda.bpm.cockpit.impl.web.CockpitApplication
11-Jul-2022 16:45:56.027 INFO [http-nio-6062-exec-2] org.jboss.resteasy.spi.ResteasyDeployment.processApplication RESTEASY002200: Adding class resource org.camunda.bpm.cockpit.impl.plugin.resources.BaseRootResource from Application class org.camunda.bpm.cockpit.impl.web.CockpitApplication
11-Jul-2022 16:45:56.029 INFO [http-nio-6062-exec-2] org.jboss.resteasy.spi.ResteasyDeployment.processApplication RESTEASY002205: Adding provider class org.camunda.bpm.engine.rest.exception.RestExceptionHandler from Application class org.camunda.bpm.cockpit.impl.web.CockpitApplication
11-Jul-2022 16:45:56.564 INFO [http-nio-6062-exec-4] org.jboss.resteasy.spi.ResteasyDeployment.processApplication RESTEASY002225: Deploying javax.ws.rs.core.Application: class org.camunda.bpm.webapp.impl.engine.EngineRestApplication
11-Jul-2022 16:45:56.584 INFO [http-nio-6062-exec-4] org.jboss.resteasy.spi.ResteasyDeployment.processApplication RESTEASY002205: Adding provider class com.fasterxml.jackson.jaxrs.json.JacksonJsonProvider from Application class org.camunda.bpm.webapp.impl.engine.EngineRestApplication
11-Jul-2022 16:45:56.585 INFO [http-nio-6062-exec-4] org.jboss.resteasy.spi.ResteasyDeployment.processApplication RESTEASY002205: Adding provider class org.camunda.bpm.engine.rest.exception.ProcessEngineExceptionHandler from Application class org.camunda.bpm.webapp.impl.engine.EngineRestApplication
11-Jul-2022 16:45:56.586 INFO [http-nio-6062-exec-4] org.jboss.resteasy.spi.ResteasyDeployment.processApplication RESTEASY002200: Adding class resource org.camunda.bpm.engine.rest.impl.NamedProcessEngineRestServiceImpl from Application class org.camunda.bpm.webapp.impl.engine.EngineRestApplication
11-Jul-2022 16:45:56.593 INFO [http-nio-6062-exec-4] org.jboss.resteasy.spi.ResteasyDeployment.processApplication RESTEASY002205: Adding provider class org.camunda.bpm.engine.rest.mapper.JacksonConfigurator from Application class org.camunda.bpm.webapp.impl.engine.EngineRestApplication
11-Jul-2022 16:45:56.601 INFO [http-nio-6062-exec-4] org.jboss.resteasy.spi.ResteasyDeployment.processApplication RESTEASY002205: Adding provider class org.camunda.bpm.engine.rest.hal.JacksonHalJsonProvider from Application class org.camunda.bpm.webapp.impl.engine.EngineRestApplication
11-Jul-2022 16:45:56.615 INFO [http-nio-6062-exec-4] org.jboss.resteasy.spi.ResteasyDeployment.processApplication RESTEASY002205: Adding provider class org.camunda.bpm.engine.rest.exception.ExceptionHandler from Application class org.camunda.bpm.webapp.impl.engine.EngineRestApplication
11-Jul-2022 16:45:56.619 INFO [http-nio-6062-exec-4] org.jboss.resteasy.spi.ResteasyDeployment.processApplication RESTEASY002205: Adding provider class org.camunda.bpm.engine.rest.exception.JsonParseExceptionHandler from Application class org.camunda.bpm.webapp.impl.engine.EngineRestApplication
11-Jul-2022 16:45:56.622 INFO [http-nio-6062-exec-3] org.jboss.resteasy.spi.ResteasyDeployment.processApplication RESTEASY002225: Deploying javax.ws.rs.core.Application: class org.camunda.bpm.admin.impl.web.AdminApplication
11-Jul-2022 16:45:56.622 INFO [http-nio-6062-exec-4] org.jboss.resteasy.spi.ResteasyDeployment.processApplication RESTEASY002205: Adding provider class org.camunda.bpm.engine.rest.exception.JsonMappingExceptionHandler from Application class org.camunda.bpm.webapp.impl.engine.EngineRestApplication
11-Jul-2022 16:45:56.634 INFO [http-nio-6062-exec-4] org.jboss.resteasy.spi.ResteasyDeployment.processApplication RESTEASY002205: Adding provider class org.camunda.bpm.engine.rest.mapper.MultipartPayloadProvider from Application class org.camunda.bpm.webapp.impl.engine.EngineRestApplication
11-Jul-2022 16:45:56.641 INFO [http-nio-6062-exec-4] org.jboss.resteasy.spi.ResteasyDeployment.processApplication RESTEASY002205: Adding provider class org.camunda.bpm.engine.rest.exception.RestExceptionHandler from Application class org.camunda.bpm.webapp.impl.engine.EngineRestApplication
11-Jul-2022 16:45:56.655 INFO [http-nio-6062-exec-3] org.jboss.resteasy.spi.ResteasyDeployment.processApplication RESTEASY002200: Adding class resource org.camunda.bpm.admin.impl.plugin.resources.AdminPluginsRootResource from Application class org.camunda.bpm.admin.impl.web.AdminApplication
11-Jul-2022 16:45:56.658 INFO [http-nio-6062-exec-3] org.jboss.resteasy.spi.ResteasyDeployment.processApplication RESTEASY002200: Adding class resource org.camunda.bpm.admin.impl.web.SetupResource from Application class org.camunda.bpm.admin.impl.web.AdminApplication
11-Jul-2022 16:45:56.659 INFO [http-nio-6062-exec-3] org.jboss.resteasy.spi.ResteasyDeployment.processApplication RESTEASY002205: Adding provider class com.fasterxml.jackson.jaxrs.json.JacksonJsonProvider from Application class org.camunda.bpm.admin.impl.web.AdminApplication
11-Jul-2022 16:45:56.661 INFO [http-nio-6062-exec-3] org.jboss.resteasy.spi.ResteasyDeployment.processApplication RESTEASY002205: Adding provider class org.camunda.bpm.engine.rest.mapper.JacksonConfigurator from Application class org.camunda.bpm.admin.impl.web.AdminApplication
11-Jul-2022 16:45:56.680 INFO [http-nio-6062-exec-3] org.jboss.resteasy.spi.ResteasyDeployment.processApplication RESTEASY002205: Adding provider class org.camunda.bpm.engine.rest.exception.ExceptionHandler from Application class org.camunda.bpm.admin.impl.web.AdminApplication
11-Jul-2022 16:45:56.682 INFO [http-nio-6062-exec-3] org.jboss.resteasy.spi.ResteasyDeployment.processApplication RESTEASY002200: Adding class resource org.camunda.bpm.webapp.impl.security.auth.UserAuthenticationResource from Application class org.camunda.bpm.admin.impl.web.AdminApplication
11-Jul-2022 16:45:56.685 INFO [http-nio-6062-exec-3] org.jboss.resteasy.spi.ResteasyDeployment.processApplication RESTEASY002205: Adding provider class org.camunda.bpm.engine.rest.exception.RestExceptionHandler from Application class org.camunda.bpm.admin.impl.web.AdminApplication
11-Jul-2022 16:46:50.669 INFO [http-nio-6062-exec-3] org.jboss.resteasy.spi.ResteasyDeployment.processApplication RESTEASY002225: Deploying javax.ws.rs.core.Application: class org.camunda.bpm.engine.rest.impl.application.DefaultApplication
11-Jul-2022 16:46:50.750 INFO [http-nio-6062-exec-3] org.jboss.resteasy.spi.ResteasyDeployment.processApplication RESTEASY002205: Adding provider class com.fasterxml.jackson.jaxrs.json.JacksonJsonProvider from Application class org.camunda.bpm.engine.rest.impl.application.DefaultApplication
11-Jul-2022 16:46:50.752 INFO [http-nio-6062-exec-3] org.jboss.resteasy.spi.ResteasyDeployment.processApplication RESTEASY002205: Adding provider class org.camunda.bpm.engine.rest.exception.JsonParseExceptionHandler from Application class org.camunda.bpm.engine.rest.impl.application.DefaultApplication
11-Jul-2022 16:46:50.756 INFO [http-nio-6062-exec-3] org.jboss.resteasy.spi.ResteasyDeployment.processApplication RESTEASY002205: Adding provider class org.camunda.bpm.engine.rest.mapper.JacksonConfigurator from Application class org.camunda.bpm.engine.rest.impl.application.DefaultApplication
11-Jul-2022 16:46:50.762 INFO [http-nio-6062-exec-3] org.jboss.resteasy.spi.ResteasyDeployment.processApplication RESTEASY002205: Adding provider class org.camunda.bpm.engine.rest.exception.JsonMappingExceptionHandler from Application class org.camunda.bpm.engine.rest.impl.application.DefaultApplication
11-Jul-2022 16:46:50.766 INFO [http-nio-6062-exec-3] org.jboss.resteasy.spi.ResteasyDeployment.processApplication RESTEASY002205: Adding provider class org.camunda.bpm.engine.rest.exception.ExceptionHandler from Application class org.camunda.bpm.engine.rest.impl.application.DefaultApplication
11-Jul-2022 16:46:50.781 INFO [http-nio-6062-exec-3] org.jboss.resteasy.spi.ResteasyDeployment.processApplication RESTEASY002205: Adding provider class org.camunda.bpm.engine.rest.hal.JacksonHalJsonProvider from Application class org.camunda.bpm.engine.rest.impl.application.DefaultApplication
11-Jul-2022 16:46:50.791 INFO [http-nio-6062-exec-3] org.jboss.resteasy.spi.ResteasyDeployment.processApplication RESTEASY002205: Adding provider class org.camunda.bpm.engine.rest.exception.ProcessEngineExceptionHandler from Application class org.camunda.bpm.engine.rest.impl.application.DefaultApplication
11-Jul-2022 16:46:50.797 INFO [http-nio-6062-exec-3] org.jboss.resteasy.spi.ResteasyDeployment.processApplication RESTEASY002205: Adding provider class org.camunda.bpm.engine.rest.mapper.MultipartPayloadProvider from Application class org.camunda.bpm.engine.rest.impl.application.DefaultApplication
11-Jul-2022 16:46:50.800 INFO [http-nio-6062-exec-3] org.jboss.resteasy.spi.ResteasyDeployment.processApplication RESTEASY002205: Adding provider class org.camunda.bpm.engine.rest.exception.RestExceptionHandler from Application class org.camunda.bpm.engine.rest.impl.application.DefaultApplication
11-Jul-2022 16:46:50.810 INFO [http-nio-6062-exec-3] org.jboss.resteasy.spi.ResteasyDeployment.processApplication RESTEASY002200: Adding class resource org.camunda.bpm.engine.rest.impl.JaxRsTwoDefaultProcessEngineRestServiceImpl from Application class org.camunda.bpm.engine.rest.impl.application.DefaultApplication
11-Jul-2022 16:46:50.812 INFO [http-nio-6062-exec-3] org.jboss.resteasy.spi.ResteasyDeployment.processApplication RESTEASY002200: Adding class resource org.camunda.bpm.engine.rest.impl.JaxRsTwoNamedProcessEngineRestServiceImpl from Application class org.camunda.bpm.engine.rest.impl.application.DefaultApplication
11-Jul-2022 16:48:48.584 INFO [Thread-8] org.camunda.commons.logging.BaseLogger.logInfo ENGINE-14015 Shutting down the JobExecutor[org.camunda.bpm.engine.impl.jobexecutor.RuntimeContainerJobExecutor]
11-Jul-2022 16:48:48.585 INFO [Thread-6] org.camunda.commons.logging.BaseLogger.logInfo ENGINE-14020 JobExecutor[org.camunda.bpm.engine.impl.jobexecutor.RuntimeContainerJobExecutor] stopped job acquisition
11-Jul-2022 16:48:48.606 INFO [Thread-8] org.camunda.commons.logging.BaseLogger.logInfo ENGINE-08051 Process application messagedemo undeployed
11-Jul-2022 16:48:48.624 INFO [Thread-8] org.camunda.commons.logging.BaseLogger.logInfo ENGINE-08051 Process application timertest undeployed
11-Jul-2022 16:48:48.643 INFO [Thread-8] org.camunda.commons.logging.BaseLogger.logInfo ENGINE-08051 Process application creditcardapi undeployed
11-Jul-2022 16:48:49.717 INFO [Thread-8] org.camunda.commons.logging.BaseLogger.logInfo ENGINE-00007 Process Engine default closed
11-Jul-2022 16:48:49.718 INFO [Thread-8] org.camunda.commons.logging.BaseLogger.logInfo ENGINE-08049 Camunda Platform stopped at 'Apache Tomcat/9.0.43'
11-Jul-2022 16:48:49.721 INFO [Thread-8] org.apache.coyote.AbstractProtocol.pause Pausing ProtocolHandler ["http-nio-6062"]
11-Jul-2022 16:48:50.211 INFO [Thread-8] org.apache.catalina.core.StandardService.stopInternal Stopping service [Catalina]
11-Jul-2022 16:48:50.224 WARNING [Thread-8] org.camunda.commons.logging.BaseLogger.logWarn ENGINE-07017 Calling undeploy() on process application that is not deployed.
11-Jul-2022 16:48:50.233 WARNING [Thread-8] org.camunda.commons.logging.BaseLogger.logWarn ENGINE-07017 Calling undeploy() on process application that is not deployed.
11-Jul-2022 16:48:50.312 WARNING [Thread-8] org.camunda.commons.logging.BaseLogger.logWarn ENGINE-07017 Calling undeploy() on process application that is not deployed.
11-Jul-2022 16:48:50.317 INFO [Thread-8] org.apache.coyote.AbstractProtocol.stop Stopping ProtocolHandler ["http-nio-6062"]
11-Jul-2022 16:48:50.371 INFO [Thread-8] org.apache.coyote.AbstractProtocol.destroy Destroying ProtocolHandler ["http-nio-6062"]
